This file contains any messages produced by compilers while
running configure, to aid debugging if configure makes a mistake.

It was created by configure, which was
generated by GNU Autoconf 2.71.  Invocation command line was

  $ ./configure

## --------- ##
## Platform. ##
## --------- ##

hostname = KentaronoMacBook-Pro
uname -m = arm64
uname -r = 20.3.0
uname -s = Darwin
uname -v = Darwin Kernel Version 20.3.0: Thu Jan 21 00:06:51 PST 2021; root:xnu-7195.81.3~1/RELEASE_ARM64_T8101

/usr/bin/uname -p = arm
/bin/uname -X     = unknown

/bin/arch              = unknown
/usr/bin/arch -k       = unknown
/usr/convex/getsysinfo = unknown
/usr/bin/hostinfo      = Mach kernel version:
	 Darwin Kernel Version 20.3.0: Thu Jan 21 00:06:51 PST 2021; root:xnu-7195.81.3~1/RELEASE_ARM64_T8101
Kernel configured for up to 8 processors.
8 processors are physically available.
8 processors are logically available.
Processor type: arm64e (ARM64E)
Processors active: 0 1 2 3 4 5 6 7
Primary memory available: 8.00 gigabytes
Default processor set: 541 tasks, 3122 threads, 8 processors
Load average: 1.84, Mach factor: 6.15
/bin/machine           = unknown
/usr/bin/oslevel       = unknown
/bin/universe          = unknown

PATH: /opt/homebrew/bin/
PATH: /opt/homebrew/sbin/
PATH: /usr/local/bin/
PATH: /usr/bin/
PATH: /bin/
PATH: /usr/sbin/
PATH: /sbin/
PATH: /Library/Apple/usr/bin/
PATH: ~/.composer/vendor/bin/
PATH: /Users/kentarokinoshota/.composer/vendor/bin/
PATH: /usr/local/opt/mysql@5.6/bin/
PATH: /Users/kentarokinoshota@KentaronoMacBook-Pro/.composer/vendor/bin/


## ----------- ##
## Core tests. ##
## ----------- ##

configure:2494: looking for aux files: config.guess config.sub
configure:2507:  trying ./build/
configure:2536:   ./build/config.guess found
configure:2536:   ./build/config.sub found
configure:2653: checking for grep that handles long lines and -e
configure:2717: result: /usr/bin/grep
configure:2722: checking for egrep
configure:2790: result: /usr/bin/grep -E
configure:2795: checking for a sed that does not truncate output
configure:2865: result: /usr/bin/sed
configure:3009: checking for pkg-config
configure:3047: result: no
configure:3148: checking for cc
configure:3169: found /usr/bin/cc
configure:3180: result: cc
configure:3211: checking for C compiler version
configure:3220: cc --version >&5
Apple clang version 12.0.0 (clang-1200.0.32.29)
Target: arm64-apple-darwin20.3.0
Thread model: posix
InstalledDir: /Library/Developer/CommandLineTools/usr/bin
configure:3231: $? = 0
configure:3220: cc -v >&5
Apple clang version 12.0.0 (clang-1200.0.32.29)
Target: arm64-apple-darwin20.3.0
Thread model: posix
InstalledDir: /Library/Developer/CommandLineTools/usr/bin
configure:3231: $? = 0
configure:3220: cc -V >&5
clang: error: argument to '-V' is missing (expected 1 value)
clang: error: no input files
configure:3231: $? = 1
configure:3220: cc -qversion >&5
clang: error: unknown argument '-qversion'; did you mean '--version'?
clang: error: no input files
configure:3231: $? = 1
configure:3220: cc -version >&5
clang: error: unknown argument '-version'; did you mean '--version'?
clang: error: no input files
configure:3231: $? = 1
configure:3251: checking whether the C compiler works
configure:3273: cc    conftest.c  >&5
configure:3277: $? = 0
configure:3327: result: yes
configure:3330: checking for C compiler default output file name
configure:3332: result: a.out
configure:3338: checking for suffix of executables
configure:3345: cc -o conftest    conftest.c  >&5
configure:3349: $? = 0
configure:3372: result: 
configure:3394: checking whether we are cross compiling
configure:3402: cc -o conftest    conftest.c  >&5
configure:3406: $? = 0
configure:3413: ./conftest
configure:3417: $? = 0
configure:3432: result: no
configure:3437: checking for suffix of object files
configure:3460: cc -c   conftest.c >&5
configure:3464: $? = 0
configure:3486: result: o
configure:3490: checking whether the compiler supports GNU C
configure:3510: cc -c   conftest.c >&5
configure:3510: $? = 0
configure:3520: result: yes
configure:3531: checking whether cc accepts -g
configure:3552: cc -c -g  conftest.c >&5
configure:3552: $? = 0
configure:3596: result: yes
configure:3616: checking for cc option to enable C11 features
configure:3631: cc  -c -g -O2  conftest.c >&5
configure:3631: $? = 0
configure:3649: result: none needed
configure:3765: checking how to run the C preprocessor
configure:3791: cc -E  conftest.c
configure:3791: $? = 0
configure:3806: cc -E  conftest.c
conftest.c:9:10: fatal error: 'ac_nonexistent.h' file not found
#include <ac_nonexistent.h>
         ^~~~~~~~~~~~~~~~~~
1 error generated.
configure:3806: $? = 1
configure: failed program was:
| /* confdefs.h */
| #define PACKAGE_NAME ""
| #define PACKAGE_TARNAME ""
| #define PACKAGE_VERSION ""
| #define PACKAGE_STRING ""
| #define PACKAGE_BUGREPORT ""
| #define PACKAGE_URL ""
| /* end confdefs.h.  */
| #include <ac_nonexistent.h>
configure:3833: result: cc -E
configure:3847: cc -E  conftest.c
configure:3847: $? = 0
configure:3862: cc -E  conftest.c
conftest.c:9:10: fatal error: 'ac_nonexistent.h' file not found
#include <ac_nonexistent.h>
         ^~~~~~~~~~~~~~~~~~
1 error generated.
configure:3862: $? = 1
configure: failed program was:
| /* confdefs.h */
| #define PACKAGE_NAME ""
| #define PACKAGE_TARNAME ""
| #define PACKAGE_VERSION ""
| #define PACKAGE_STRING ""
| #define PACKAGE_BUGREPORT ""
| #define PACKAGE_URL ""
| /* end confdefs.h.  */
| #include <ac_nonexistent.h>
configure:3895: checking for icc
configure:3905: result: no
configure:3919: checking for suncc
configure:3929: result: no
configure:3947: checking for system library directory
configure:3963: result: lib
configure:3970: checking if compiler supports -Wl,-rpath,
configure:3990: cc -o conftest -g -O2   conftest.c -Wl,-rpath,/usr/lib  >&5
configure:3990: $? = 0
configure:4001: result: yes
configure:4056: checking build system type
configure:4071: result: aarch64-apple-darwin20.3.0
configure:4091: checking host system type
configure:4105: result: aarch64-apple-darwin20.3.0
configure:4125: checking target system type
configure:4139: result: aarch64-apple-darwin20.3.0
configure:4243: checking for PHP prefix
configure:4245: result: /opt/homebrew/Cellar/php/8.1.11
configure:4247: checking for PHP includes
configure:4249: result: -I/opt/homebrew/Cellar/php/8.1.11/include/php -I/opt/homebrew/Cellar/php/8.1.11/include/php/main -I/opt/homebrew/Cellar/php/8.1.11/include/php/TSRM -I/opt/homebrew/Cellar/php/8.1.11/include/php/Zend -I/opt/homebrew/Cellar/php/8.1.11/include/php/ext -I/opt/homebrew/Cellar/php/8.1.11/include/php/ext/date/lib
configure:4251: checking for PHP extension directory
configure:4253: result: /opt/homebrew/Cellar/php/8.1.11/pecl/20210902
configure:4255: checking for PHP installed headers prefix
configure:4257: result: /opt/homebrew/Cellar/php/8.1.11/include/php
configure:4260: checking if debug is enabled
configure:4287: result: no
configure:4290: checking if zts is enabled
configure:4317: result: no
configure:4385: checking for gawk
configure:4421: result: no
configure:4385: checking for nawk
configure:4421: result: no
configure:4385: checking for awk
configure:4407: found /usr/bin/awk
configure:4418: result: awk
configure:4441: checking if awk is broken
configure:4448: result: no
configure:4462: checking whether to enable Xdebug support
configure:4502: result: yes, shared
configure:4511: checking whether to enable Xdebug developer build flags
configure:4526: result: no
configure:4535: checking whether to compress profiler files (requires zlib)
configure:4551: result: yes
configure:4581: checking Check for supported PHP versions
configure:4591: result: supported (8.1.11)
configure:4606: checking for clock_gettime
configure:4620: cc -o conftest -g -O2 -I/opt/homebrew/Cellar/php/8.1.11/include/php -I/opt/homebrew/Cellar/php/8.1.11/include/php/main -I/opt/homebrew/Cellar/php/8.1.11/include/php/TSRM -I/opt/homebrew/Cellar/php/8.1.11/include/php/Zend -I/opt/homebrew/Cellar/php/8.1.11/include/php/ext -I/opt/homebrew/Cellar/php/8.1.11/include/php/ext/date/lib   conftest.c  >&5
configure:4620: $? = 0
configure:4624: result: yes
configure:4678: checking for clock_gettime_nsec_np
configure:4678: cc -o conftest -g -O2 -I/opt/homebrew/Cellar/php/8.1.11/include/php -I/opt/homebrew/Cellar/php/8.1.11/include/php/main -I/opt/homebrew/Cellar/php/8.1.11/include/php/TSRM -I/opt/homebrew/Cellar/php/8.1.11/include/php/Zend -I/opt/homebrew/Cellar/php/8.1.11/include/php/ext -I/opt/homebrew/Cellar/php/8.1.11/include/php/ext/date/lib   conftest.c  >&5
configure:4678: $? = 0
configure:4678: result: yes
configure:4691: checking for gettimeofday
configure:4691: cc -o conftest -g -O2 -I/opt/homebrew/Cellar/php/8.1.11/include/php -I/opt/homebrew/Cellar/php/8.1.11/include/php/main -I/opt/homebrew/Cellar/php/8.1.11/include/php/TSRM -I/opt/homebrew/Cellar/php/8.1.11/include/php/Zend -I/opt/homebrew/Cellar/php/8.1.11/include/php/ext -I/opt/homebrew/Cellar/php/8.1.11/include/php/ext/date/lib   conftest.c  >&5
configure:4691: $? = 0
configure:4691: result: yes
configure:4704: checking for stdio.h
configure:4704: cc -c -g -O2 -I/opt/homebrew/Cellar/php/8.1.11/include/php -I/opt/homebrew/Cellar/php/8.1.11/include/php/main -I/opt/homebrew/Cellar/php/8.1.11/include/php/TSRM -I/opt/homebrew/Cellar/php/8.1.11/include/php/Zend -I/opt/homebrew/Cellar/php/8.1.11/include/php/ext -I/opt/homebrew/Cellar/php/8.1.11/include/php/ext/date/lib  conftest.c >&5
configure:4704: $? = 0
configure:4704: result: yes
configure:4704: checking for stdlib.h
configure:4704: cc -c -g -O2 -I/opt/homebrew/Cellar/php/8.1.11/include/php -I/opt/homebrew/Cellar/php/8.1.11/include/php/main -I/opt/homebrew/Cellar/php/8.1.11/include/php/TSRM -I/opt/homebrew/Cellar/php/8.1.11/include/php/Zend -I/opt/homebrew/Cellar/php/8.1.11/include/php/ext -I/opt/homebrew/Cellar/php/8.1.11/include/php/ext/date/lib  conftest.c >&5
configure:4704: $? = 0
configure:4704: result: yes
configure:4704: checking for string.h
configure:4704: cc -c -g -O2 -I/opt/homebrew/Cellar/php/8.1.11/include/php -I/opt/homebrew/Cellar/php/8.1.11/include/php/main -I/opt/homebrew/Cellar/php/8.1.11/include/php/TSRM -I/opt/homebrew/Cellar/php/8.1.11/include/php/Zend -I/opt/homebrew/Cellar/php/8.1.11/include/php/ext -I/opt/homebrew/Cellar/php/8.1.11/include/php/ext/date/lib  conftest.c >&5
configure:4704: $? = 0
configure:4704: result: yes
configure:4704: checking for inttypes.h
configure:4704: cc -c -g -O2 -I/opt/homebrew/Cellar/php/8.1.11/include/php -I/opt/homebrew/Cellar/php/8.1.11/include/php/main -I/opt/homebrew/Cellar/php/8.1.11/include/php/TSRM -I/opt/homebrew/Cellar/php/8.1.11/include/php/Zend -I/opt/homebrew/Cellar/php/8.1.11/include/php/ext -I/opt/homebrew/Cellar/php/8.1.11/include/php/ext/date/lib  conftest.c >&5
configure:4704: $? = 0
configure:4704: result: yes
configure:4704: checking for stdint.h
configure:4704: cc -c -g -O2 -I/opt/homebrew/Cellar/php/8.1.11/include/php -I/opt/homebrew/Cellar/php/8.1.11/include/php/main -I/opt/homebrew/Cellar/php/8.1.11/include/php/TSRM -I/opt/homebrew/Cellar/php/8.1.11/include/php/Zend -I/opt/homebrew/Cellar/php/8.1.11/include/php/ext -I/opt/homebrew/Cellar/php/8.1.11/include/php/ext/date/lib  conftest.c >&5
configure:4704: $? = 0
configure:4704: result: yes
configure:4704: checking for strings.h
configure:4704: cc -c -g -O2 -I/opt/homebrew/Cellar/php/8.1.11/include/php -I/opt/homebrew/Cellar/php/8.1.11/include/php/main -I/opt/homebrew/Cellar/php/8.1.11/include/php/TSRM -I/opt/homebrew/Cellar/php/8.1.11/include/php/Zend -I/opt/homebrew/Cellar/php/8.1.11/include/php/ext -I/opt/homebrew/Cellar/php/8.1.11/include/php/ext/date/lib  conftest.c >&5
configure:4704: $? = 0
configure:4704: result: yes
configure:4704: checking for sys/stat.h
configure:4704: cc -c -g -O2 -I/opt/homebrew/Cellar/php/8.1.11/include/php -I/opt/homebrew/Cellar/php/8.1.11/include/php/main -I/opt/homebrew/Cellar/php/8.1.11/include/php/TSRM -I/opt/homebrew/Cellar/php/8.1.11/include/php/Zend -I/opt/homebrew/Cellar/php/8.1.11/include/php/ext -I/opt/homebrew/Cellar/php/8.1.11/include/php/ext/date/lib  conftest.c >&5
configure:4704: $? = 0
configure:4704: result: yes
configure:4704: checking for sys/types.h
configure:4704: cc -c -g -O2 -I/opt/homebrew/Cellar/php/8.1.11/include/php -I/opt/homebrew/Cellar/php/8.1.11/include/php/main -I/opt/homebrew/Cellar/php/8.1.11/include/php/TSRM -I/opt/homebrew/Cellar/php/8.1.11/include/php/Zend -I/opt/homebrew/Cellar/php/8.1.11/include/php/ext -I/opt/homebrew/Cellar/php/8.1.11/include/php/ext/date/lib  conftest.c >&5
configure:4704: $? = 0
configure:4704: result: yes
configure:4704: checking for unistd.h
configure:4704: cc -c -g -O2 -I/opt/homebrew/Cellar/php/8.1.11/include/php -I/opt/homebrew/Cellar/php/8.1.11/include/php/main -I/opt/homebrew/Cellar/php/8.1.11/include/php/TSRM -I/opt/homebrew/Cellar/php/8.1.11/include/php/Zend -I/opt/homebrew/Cellar/php/8.1.11/include/php/ext -I/opt/homebrew/Cellar/php/8.1.11/include/php/ext/date/lib  conftest.c >&5
configure:4704: $? = 0
configure:4704: result: yes
configure:4729: checking for netinet/in.h
configure:4729: cc -c -g -O2 -I/opt/homebrew/Cellar/php/8.1.11/include/php -I/opt/homebrew/Cellar/php/8.1.11/include/php/main -I/opt/homebrew/Cellar/php/8.1.11/include/php/TSRM -I/opt/homebrew/Cellar/php/8.1.11/include/php/Zend -I/opt/homebrew/Cellar/php/8.1.11/include/php/ext -I/opt/homebrew/Cellar/php/8.1.11/include/php/ext/date/lib  conftest.c >&5
configure:4729: $? = 0
configure:4729: result: yes
configure:4735: checking for poll.h
configure:4735: cc -c -g -O2 -I/opt/homebrew/Cellar/php/8.1.11/include/php -I/opt/homebrew/Cellar/php/8.1.11/include/php/main -I/opt/homebrew/Cellar/php/8.1.11/include/php/TSRM -I/opt/homebrew/Cellar/php/8.1.11/include/php/Zend -I/opt/homebrew/Cellar/php/8.1.11/include/php/ext -I/opt/homebrew/Cellar/php/8.1.11/include/php/ext/date/lib  conftest.c >&5
configure:4735: $? = 0
configure:4735: result: yes
configure:4741: checking for sys/poll.h
configure:4741: cc -c -g -O2 -I/opt/homebrew/Cellar/php/8.1.11/include/php -I/opt/homebrew/Cellar/php/8.1.11/include/php/main -I/opt/homebrew/Cellar/php/8.1.11/include/php/TSRM -I/opt/homebrew/Cellar/php/8.1.11/include/php/Zend -I/opt/homebrew/Cellar/php/8.1.11/include/php/ext -I/opt/homebrew/Cellar/php/8.1.11/include/php/ext/date/lib  conftest.c >&5
configure:4741: $? = 0
configure:4741: result: yes
configure:4854: checking for cos in -lm
configure:4877: cc -o conftest -g -O2 -I/opt/homebrew/Cellar/php/8.1.11/include/php -I/opt/homebrew/Cellar/php/8.1.11/include/php/main -I/opt/homebrew/Cellar/php/8.1.11/include/php/TSRM -I/opt/homebrew/Cellar/php/8.1.11/include/php/Zend -I/opt/homebrew/Cellar/php/8.1.11/include/php/ext -I/opt/homebrew/Cellar/php/8.1.11/include/php/ext/date/lib   conftest.c -lm   >&5
conftest.c:30:6: warning: incompatible redeclaration of library function 'cos' [-Wincompatible-library-redeclaration]
char cos ();
     ^
conftest.c:30:6: note: 'cos' is a builtin with type 'double (double)'
1 warning generated.
configure:4877: $? = 0
configure:4887: result: yes
configure:4931: checking for zlib >= 1.2.9
configure:4990: result: no
configure:7026: checking for a sed that does not truncate output
configure:7081: result: /usr/bin/sed
configure:7096: checking for ld used by cc
configure:7164: result: /Library/Developer/CommandLineTools/usr/bin/ld
configure:7171: checking if the linker (/Library/Developer/CommandLineTools/usr/bin/ld) is GNU ld
configure:7187: result: no
configure:7192: checking for /Library/Developer/CommandLineTools/usr/bin/ld option to reload object files
configure:7200: result: -r
configure:7218: checking for BSD-compatible nm
configure:7268: result: /usr/bin/nm -B
configure:7272: checking whether ln -s works
configure:7276: result: yes
configure:7283: checking how to recognize dependent libraries
configure:7470: result: pass_all
configure:7690: checking for dlfcn.h
configure:7690: cc -c -g -O2  conftest.c >&5
configure:7690: $? = 0
configure:7690: result: yes
configure:7709: checking the maximum length of command line arguments
configure:7822: result: 786432
configure:7834: checking command to parse /usr/bin/nm -B output from cc object
configure:7940: cc -c -g -O2  conftest.c >&5
configure:7943: $? = 0
configure:7947: /usr/bin/nm -B conftest.o \| sed -n -e 's/^.*[ 	]\([BCDEGRST][BCDEGRST]*\)[ 	][ 	]*\([_A-Za-z][_A-Za-z0-9]*\)$/\1 \2 \2/p' \> conftest.nm
configure:7950: $? = 0
cannot find nm_test_var in conftest.nm
configure:7940: cc -c -g -O2  conftest.c >&5
configure:7943: $? = 0
configure:7947: /usr/bin/nm -B conftest.o \| sed -n -e 's/^.*[ 	]\([BCDEGRST][BCDEGRST]*\)[ 	][ 	]*_\([_A-Za-z][_A-Za-z0-9]*\)$/\1 _\2 \2/p' \> conftest.nm
configure:7950: $? = 0
configure:8002: cc -o conftest -g -O2   conftest.c conftstm.o >&5
warning: (arm64)  could not find object file symbol for symbol _main
configure:8005: $? = 0
configure:8043: result: ok
configure:8047: checking for objdir
configure:8063: result: .libs
configure:8160: checking for ar
configure:8181: found /usr/bin/ar
configure:8192: result: ar
configure:8262: checking for ranlib
configure:8283: found /usr/bin/ranlib
configure:8294: result: ranlib
configure:8364: checking for strip
configure:8385: found /usr/bin/strip
configure:8396: result: strip
configure:8656: checking for dsymutil
configure:8677: found /usr/bin/dsymutil
configure:8688: result: dsymutil
configure:8758: checking for nmedit
configure:8779: found /usr/bin/nmedit
configure:8790: result: nmedit
configure:8813: checking for -single_module linker flag
configure:8835: result: yes
configure:8837: checking for -exported_symbols_list linker flag
configure:8854: cc -o conftest -g -O2   -Wl,-exported_symbols_list,conftest.sym conftest.c  >&5
configure:8857: $? = 0
configure:8871: result: yes
configure:8991: checking if cc supports -fno-rtti -fno-exceptions
configure:9010: cc -c -g -O2  -fno-rtti -fno-exceptions conftest.c >&5
configure:9014: $? = 0
configure:9027: result: yes
configure:9042: checking for cc option to produce PIC
configure:9282: result: -fno-common
configure:9290: checking if cc PIC flag -fno-common works
configure:9309: cc -c -g -O2  -fno-common -DPIC conftest.c >&5
configure:9313: $? = 0
configure:9326: result: yes
configure:9354: checking if cc static flag -static works
configure:9383: result: no
configure:9393: checking if cc supports -c -o file.o
configure:9415: cc -c -g -O2  -o out/conftest2.o conftest.c >&5
configure:9419: $? = 0
configure:9441: result: yes
configure:9467: checking whether the cc linker (/Library/Developer/CommandLineTools/usr/bin/ld) supports shared libraries
configure:10395: result: yes
configure:10462: checking dynamic linker characteristics
configure:11071: result: darwin20.3.0 dyld
configure:11097: checking how to hardcode library paths into programs
configure:11122: result: immediate
configure:11136: checking whether stripping libraries is possible
configure:11150: result: yes
configure:11656: checking if libtool supports shared libraries
configure:11658: result: yes
configure:11661: checking whether to build shared libraries
configure:11682: result: yes
configure:11685: checking whether to build static libraries
configure:11689: result: no
configure:11783: result:
creating libtool
configure:15560: patching config.h.in
configure:15571: creating ./config.status

## ---------------------- ##
## Running config.status. ##
## ---------------------- ##

This file was extended by config.status, which was
generated by GNU Autoconf 2.71.  Invocation command line was

  CONFIG_FILES    = 
  CONFIG_HEADERS  = 
  CONFIG_LINKS    = 
  CONFIG_COMMANDS = 
  $ ./config.status 

on KentaronoMacBook-Pro

config.status:676: creating config.h
config.status:766: config.h is unchanged

## ---------------- ##
## Cache variables. ##
## ---------------- ##

ac_cv_build=aarch64-apple-darwin20.3.0
ac_cv_c_compiler_gnu=yes
ac_cv_env_CC_set=
ac_cv_env_CC_value=
ac_cv_env_CFLAGS_set=
ac_cv_env_CFLAGS_value=
ac_cv_env_CPPFLAGS_set=
ac_cv_env_CPPFLAGS_value=
ac_cv_env_CPP_set=
ac_cv_env_CPP_value=
ac_cv_env_LDFLAGS_set=
ac_cv_env_LDFLAGS_value=
ac_cv_env_LIBS_set=
ac_cv_env_LIBS_value=
ac_cv_env_PKG_CONFIG_LIBDIR_set=
ac_cv_env_PKG_CONFIG_LIBDIR_value=
ac_cv_env_PKG_CONFIG_PATH_set=
ac_cv_env_PKG_CONFIG_PATH_value=
ac_cv_env_PKG_CONFIG_set=
ac_cv_env_PKG_CONFIG_value=
ac_cv_env_ZLIB_CFLAGS_set=
ac_cv_env_ZLIB_CFLAGS_value=
ac_cv_env_ZLIB_LIBS_set=
ac_cv_env_ZLIB_LIBS_value=
ac_cv_env_build_alias_set=
ac_cv_env_build_alias_value=
ac_cv_env_host_alias_set=
ac_cv_env_host_alias_value=
ac_cv_env_target_alias_set=
ac_cv_env_target_alias_value=
ac_cv_func_clock_gettime_nsec_np=yes
ac_cv_func_gettimeofday=yes
ac_cv_header_dlfcn_h=yes
ac_cv_header_inttypes_h=yes
ac_cv_header_netinet_in_h=yes
ac_cv_header_poll_h=yes
ac_cv_header_stdint_h=yes
ac_cv_header_stdio_h=yes
ac_cv_header_stdlib_h=yes
ac_cv_header_string_h=yes
ac_cv_header_strings_h=yes
ac_cv_header_sys_poll_h=yes
ac_cv_header_sys_stat_h=yes
ac_cv_header_sys_types_h=yes
ac_cv_header_unistd_h=yes
ac_cv_host=aarch64-apple-darwin20.3.0
ac_cv_lib_m_cos=yes
ac_cv_objext=o
ac_cv_path_EGREP='/usr/bin/grep -E'
ac_cv_path_GREP=/usr/bin/grep
ac_cv_path_SED=/usr/bin/sed
ac_cv_prog_AWK=awk
ac_cv_prog_CPP='cc -E'
ac_cv_prog_ac_ct_AR=ar
ac_cv_prog_ac_ct_CC=cc
ac_cv_prog_ac_ct_DSYMUTIL=dsymutil
ac_cv_prog_ac_ct_NMEDIT=nmedit
ac_cv_prog_ac_ct_RANLIB=ranlib
ac_cv_prog_ac_ct_STRIP=strip
ac_cv_prog_cc_c11=
ac_cv_prog_cc_g=yes
ac_cv_prog_cc_stdc=
ac_cv_target=aarch64-apple-darwin20.3.0
lt_cv_apple_cc_single_mod=yes
lt_cv_deplibs_check_method=pass_all
lt_cv_file_magic_cmd='$MAGIC_CMD'
lt_cv_file_magic_test_file=
lt_cv_ld_exported_symbols_list=yes
lt_cv_ld_reload_flag=-r
lt_cv_objdir=.libs
lt_cv_path_LD=/Library/Developer/CommandLineTools/usr/bin/ld
lt_cv_path_NM='/usr/bin/nm -B'
lt_cv_path_SED=/usr/bin/sed
lt_cv_prog_compiler_c_o=yes
lt_cv_prog_compiler_pic_works=yes
lt_cv_prog_compiler_rtti_exceptions=yes
lt_cv_prog_compiler_static_works=no
lt_cv_prog_gnu_ld=no
lt_cv_sys_global_symbol_pipe='sed -n -e '\''s/^.*[ 	]\([BCDEGRST][BCDEGRST]*\)[ 	][ 	]*_\([_A-Za-z][_A-Za-z0-9]*\)$/\1 _\2 \2/p'\'''
lt_cv_sys_global_symbol_to_c_name_address='sed -n -e '\''s/^: \([^ ]*\) $/  {\"\1\", (lt_ptr) 0},/p'\'' -e '\''s/^[BCDEGRST] \([^ ]*\) \([^ ]*\)$/  {"\2", (lt_ptr) \&\2},/p'\'''
lt_cv_sys_global_symbol_to_cdecl='sed -n -e '\''s/^. .* \(.*\)$/extern int \1;/p'\'''
lt_cv_sys_lib_dlsearch_path_spec='/usr/local/lib /lib /usr/lib'
lt_cv_sys_lib_search_path_spec='/Library/Developer/CommandLineTools/usr/lib/clang/12.0.0 /usr/local/lib'
lt_cv_sys_max_cmd_len=786432
lt_lt_cv_prog_compiler_c_o='"yes"'
lt_lt_cv_sys_global_symbol_pipe='"sed -n -e '\''s/^.*[ 	]\\([BCDEGRST][BCDEGRST]*\\)[ 	][ 	]*_\\([_A-Za-z][_A-Za-z0-9]*\\)\$/\\1 _\\2 \\2/p'\''"'
lt_lt_cv_sys_global_symbol_to_c_name_address='"sed -n -e '\''s/^: \\([^ ]*\\) \$/  {\\\"\\1\\\", (lt_ptr) 0},/p'\'' -e '\''s/^[BCDEGRST] \\([^ ]*\\) \\([^ ]*\\)\$/  {\"\\2\", (lt_ptr) \\&\\2},/p'\''"'
lt_lt_cv_sys_global_symbol_to_cdecl='"sed -n -e '\''s/^. .* \\(.*\\)\$/extern int \\1;/p'\''"'
php_cv_cc_rpath=yes

## ----------------- ##
## Output variables. ##
## ----------------- ##

AR='ar'
AWK='awk'
BUILD_CC='cc'
CC='cc'
CFLAGS='-g -O2'
CONFIGURE_COMMAND=' '\''./configure'\'' '
CONFIGURE_OPTIONS=''
CPP='cc -E'
CPPFLAGS=' -DHAVE_CONFIG_H'
DEFS='-DHAVE_CONFIG_H'
DSYMUTIL='dsymutil'
ECHO='/bin/echo'
ECHO_C='\c'
ECHO_N=''
ECHO_T=''
EGREP='/usr/bin/grep -E'
EXEEXT=''
GREP='/usr/bin/grep'
LDFLAGS=''
LIBOBJS=''
LIBS=''
LIBTOOL='$(SHELL) $(top_builddir)/libtool'
LN_S='ln -s'
LTLIBOBJS=''
NMEDIT='nmedit'
OBJEXT='o'
PACKAGE_BUGREPORT=''
PACKAGE_NAME=''
PACKAGE_STRING=''
PACKAGE_TARNAME=''
PACKAGE_URL=''
PACKAGE_VERSION=''
PATH_SEPARATOR=':'
PKG_CONFIG=''
PKG_CONFIG_LIBDIR=''
PKG_CONFIG_PATH=''
RANLIB='ranlib'
SED='/usr/bin/sed'
SHELL='/bin/sh'
SHLIB_DL_SUFFIX_NAME='so'
SHLIB_SUFFIX_NAME='dylib'
STRIP='strip'
ZLIB_CFLAGS=''
ZLIB_LIBS=''
ac_ct_CC='cc'
bindir='${exec_prefix}/bin'
build='aarch64-apple-darwin20.3.0'
build_alias=''
build_cpu='aarch64'
build_os='darwin20.3.0'
build_vendor='apple'
datadir='${datarootdir}'
datarootdir='${prefix}/share'
docdir='${datarootdir}/doc/${PACKAGE}'
dvidir='${docdir}'
exec_prefix='$(prefix)'
host='aarch64-apple-darwin20.3.0'
host_alias='aarch64-apple-darwin20.3.0'
host_cpu='aarch64'
host_os='darwin20.3.0'
host_vendor='apple'
htmldir='${docdir}'
includedir='${prefix}/include'
infodir='${datarootdir}/info'
libdir='${exec_prefix}/lib'
libexecdir='${exec_prefix}/libexec'
localedir='${datarootdir}/locale'
localstatedir='${prefix}/var'
mandir='${datarootdir}/man'
oldincludedir='/usr/include'
pdfdir='${docdir}'
prefix='/opt/homebrew/Cellar/php/8.1.11'
program_transform_name='s,x,x,'
psdir='${docdir}'
runstatedir='${localstatedir}/run'
sbindir='${exec_prefix}/sbin'
sharedstatedir='${prefix}/com'
sysconfdir='${prefix}/etc'
target='aarch64-apple-darwin20.3.0'
target_alias=''
target_cpu='aarch64'
target_os='darwin20.3.0'
target_vendor='apple'

## ----------- ##
## confdefs.h. ##
## ----------- ##

/* confdefs.h */
#define PACKAGE_NAME ""
#define PACKAGE_TARNAME ""
#define PACKAGE_VERSION ""
#define PACKAGE_STRING ""
#define PACKAGE_BUGREPORT ""
#define PACKAGE_URL ""
#define HAVE_XDEBUG 1
#define HAVE_XDEBUG_CLOCK_GETTIME 1
#define HAVE_XDEBUG_CLOCK_GETTIME_NSEC_NP 1
#define HAVE_GETTIMEOFDAY 1
#define HAVE_STDIO_H 1
#define HAVE_STDLIB_H 1
#define HAVE_STRING_H 1
#define HAVE_INTTYPES_H 1
#define HAVE_STDINT_H 1
#define HAVE_STRINGS_H 1
#define HAVE_SYS_STAT_H 1
#define HAVE_SYS_TYPES_H 1
#define HAVE_UNISTD_H 1
#define STDC_HEADERS 1
#define HAVE_NETINET_IN_H 1
#define HAVE_POLL_H 1
#define HAVE_SYS_POLL_H 1
#define COMPILE_DL_XDEBUG 1
#define HAVE_DLFCN_H 1

configure: exit 0
